<?xml version="1.0" encoding="UTF-8"?>
<!-- Generated by org.testng.reporters.JUnitReportReporter -->
<testsuite hostname="DESKTOP-UNKSSR0" failures="0" tests="1" name="lec31_java_selenium_methods.A02_use_of_get_by_testNG" time="1.506" errors="0" timestamp="2022-03-16T14:16:11 EDT" skipped="0">
  <testcase classname="lec31_java_selenium_methods.A02_use_of_get_by_testNG" name="urlTest" time="1.506"/>
  <system-out/>
</testsuite> <!-- lec31_java_selenium_methods.A02_use_of_get_by_testNG -->
