<?xml version="1.0" encoding="UTF-8"?>
<!-- Generated by org.testng.reporters.JUnitReportReporter -->
<testsuite hostname="DESKTOP-UNKSSR0" failures="0" tests="1" name="lec31_java_selenium_methods.B01_use_of_click_method_by_id_locator" time="5.398" errors="0" timestamp="2022-03-16T17:15:04 EDT" skipped="0">
  <testcase classname="lec31_java_selenium_methods.B01_use_of_click_method_by_id_locator" name="loginButtonTest" time="5.398"/>
  <system-out/>
</testsuite> <!-- lec31_java_selenium_methods.B01_use_of_click_method_by_id_locator -->
