<?xml version="1.0" encoding="UTF-8"?>
<!-- Generated by org.testng.reporters.JUnitReportReporter -->
<testsuite hostname="DESKTOP-UNKSSR0" failures="0" tests="2" name="hW_16_03152022.copy.HW_16_03152022_01a" time="10.682" errors="0" timestamp="2022-03-30T00:48:35 EDT" skipped="0">
  <testcase classname="hW_16_03152022.copy.HW_16_03152022_01a" name="loginButtonTest" time="5.638"/>
  <system-out/>
  <testcase classname="hW_16_03152022.copy.HW_16_03152022_01a" name="logoTest" time="5.044"/>
  <system-out/>
</testsuite> <!-- hW_16_03152022.copy.HW_16_03152022_01a -->
